c:\users\michał\desktop\visual_test\project1\project1\x64\debug\vc143.pdb
c:\users\michał\desktop\visual_test\project1\project1\x64\debug\vc143.idb
c:\users\michał\desktop\visual_test\project1\project1\x64\debug\player.obj
c:\users\michał\desktop\visual_test\project1\project1\x64\debug\map.obj
c:\users\michał\desktop\visual_test\project1\project1\x64\debug\enemy.obj
c:\users\michał\desktop\visual_test\project1\project1\x64\debug\box.obj
c:\users\michał\desktop\visual_test\project1\project1\x64\debug\statictexture.obj
c:\users\michał\desktop\visual_test\project1\project1\x64\debug\main.obj
c:\users\michał\desktop\visual_test\project1\project1\x64\debug\statictext.obj
c:\users\michał\desktop\visual_test\project1\project1\x64\debug\instructions.obj
c:\users\michał\desktop\visual_test\project1\project1\x64\debug\dynamictexture.obj
c:\users\michał\desktop\visual_test\project1\project1\x64\debug\tiles.obj
c:\users\michał\desktop\visual_test\project1\project1\x64\debug\bomb.obj
c:\users\michał\desktop\visual_test\project1\project1\x64\debug\gamedifparam.obj
c:\users\michał\desktop\visual_test\project1\project1\x64\debug\activeboost.obj
c:\users\michał\desktop\visual_test\project1\project1\x64\debug\menu.obj
c:\users\michał\desktop\visual_test\project1\x64\debug\project1.lib
c:\users\michał\desktop\visual_test\project1\x64\debug\project1.exp
c:\users\michał\desktop\visual_test\project1\project1\x64\debug\box.obj.enc
c:\users\michał\desktop\visual_test\project1\project1\x64\debug\dynamictexture.obj.enc
c:\users\michał\desktop\visual_test\project1\project1\x64\debug\map.obj.enc
c:\users\michał\desktop\visual_test\project1\project1\x64\debug\player.obj.enc
c:\users\michał\desktop\visual_test\project1\project1\x64\debug\tiles.obj.enc
c:\users\michał\desktop\visual_test\project1\project1\x64\debug\project1.ilk
c:\users\michał\desktop\visual_test\project1\x64\debug\project1.pdb
c:\users\michał\desktop\visual_test\project1\x64\debug\project1.exe
c:\users\michał\desktop\visual_test\project1\project1\x64\debug\project1.tlog\cl.command.1.tlog
c:\users\michał\desktop\visual_test\project1\project1\x64\debug\project1.tlog\cl.read.1.tlog
c:\users\michał\desktop\visual_test\project1\project1\x64\debug\project1.tlog\cl.write.1.tlog
c:\users\michał\desktop\visual_test\project1\project1\x64\debug\project1.tlog\link.command.1.tlog
c:\users\michał\desktop\visual_test\project1\project1\x64\debug\project1.tlog\link.read.1.tlog
c:\users\michał\desktop\visual_test\project1\project1\x64\debug\project1.tlog\link.write.1.tlog
c:\users\michał\desktop\visual_test\project1\project1\x64\debug\project1.tlog\link.write.2u.tlog
